       ____         ____ _           _
      |  _ \  ___  / ___| |__   __ _| |_
      | | | |/ _ \| |   | '_ \ / _` | __|
      | |_| | (_) | |___| | | | (_| | |_
      |____/ \___/ \____|_| |_|\__,_|\__|
      https://github.com/huan/docker-wechat
                +--------------+
               /|             /|
              / |            / |
             *--+-----------*  |
             |  |           |  |
             |  |   盒装    |  |
             |  |   微信    |  |
             |  +-----------+--+
             | /            | /
             |/             |/
             *--------------*
      DoChat /dɑɑˈtʃæt/ (Docker-weChat) is:
      📦 a Docker image
      🤐 for running PC Windows WeChat
      💻 on your Linux desktop
      💖 by one-line of command
🚀 Pulling the docker image...

3.3.0.115: Pulling from zixia/wechat
Digest: sha256:7b48c45ef1fcd1e164b2def03f7a17775e9d4f409420588dd8bf8ac8b4b02fb4
Status: Image is up to date for zixia/wechat:3.3.0.115
docker.io/zixia/wechat:3.3.0.115

🚀 Pulling the docker image done.
🚀 Starting DoChat /dɑɑˈtʃæt/ ...

[DoChat] 盒装微信 v0.14.4
Disabling patch for /home/user/.wine/drive_c/users/user/AppData/Roaming/Tencent/WeChat ...
Disabling patch for /home/user/.wine/drive_c/users/user/Application Data/Tencent/WeChat ...
[DoChat] WeChat 3.3.0.115
[DoChat] Starting...
ALSA lib pcm_dmix.c:1075:(snd_pcm_dmix_open) unable to open slave
ALSA lib pcm_dsnoop.c:638:(snd_pcm_dsnoop_open) unable to open slave
[1111/211752.574:ERROR:network_change_notifier_win.cc(141)] WSALookupServiceBegin failed with: 0
[1111/211752.878:ERROR:sandbox_policy_base.cc(359)] Failed to add sandbox rule. error = 2, subsystem = 0, semantics = 0, pattern = 'C:\users\user\APPL~JHT\Tencent\WeChat\log\xweb.log'
[1111/211752.881:WARNING:gpu_process_host.cc(1204)] The GPU process has crashed 1 time(s)
[1111/211753.167:ERROR:sandbox_policy_base.cc(359)] Failed to add sandbox rule. error = 2, subsystem = 0, semantics = 0, pattern = 'C:\users\user\APPL~JHT\Tencent\WeChat\log\xweb.log'
[1111/211753.167:WARNING:gpu_process_host.cc(1204)] The GPU process has crashed 2 time(s)
[1111/211753.458:ERROR:sandbox_policy_base.cc(359)] Failed to add sandbox rule. error = 2, subsystem = 0, semantics = 0, pattern = 'C:\users\user\APPL~JHT\Tencent\WeChat\log\xweb.log'
[1111/211753.458:WARNING:gpu_process_host.cc(1204)] The GPU process has crashed 3 time(s)
ALSA lib pcm_dmix.c:1075:(snd_pcm_dmix_open) unable to open slave
ALSA lib pcm_dsnoop.c:638:(snd_pcm_dsnoop_open) unable to open slave
[1111/211753.758:ERROR:sandbox_policy_base.cc(359)] Failed to add sandbox rule. error = 2, subsystem = 0, semantics = 0, pattern = 'C:\users\user\APPL~JHT\Tencent\WeChat\log\xweb.log'
[1111/211753.758:WARNING:gpu_process_host.cc(1204)] The GPU process has crashed 4 time(s)
[1111/211754.043:ERROR:sandbox_policy_base.cc(359)] Failed to add sandbox rule. error = 2, subsystem = 0, semantics = 0, pattern = 'C:\users\user\APPL~JHT\Tencent\WeChat\log\xweb.log'
[1111/211754.044:WARNING:gpu_process_host.cc(1204)] The GPU process has crashed 5 time(s)
[1111/211754.332:ERROR:sandbox_policy_base.cc(359)] Failed to add sandbox rule. error = 2, subsystem = 0, semantics = 0, pattern = 'C:\users\user\APPL~JHT\Tencent\WeChat\log\xweb.log'
[1111/211754.333:WARNING:gpu_process_host.cc(1204)] The GPU process has crashed 6 time(s)
[1111/211754.334:ERROR:browser_gpu_channel_host_factory.cc(153)] Failed to launch GPU process.
[1111/211819.562:ERROR:network_change_notifier_win.cc(141)] WSALookupServiceBegin failed with: 0
[1111/211821.227:ERROR:platform_font_skia.cc(342)] Could not find any font: MS Shell Dlg, sans. Falling back to the default
wine: Unhandled page fault on read access to 00000008 at address 039C3FE3 (thread 020c), starting debugger...
Unhandled exception: page fault on read access to 0x00000008 in 32-bit code (0x039c3fe3).
Register dump:
 CS:0023 SS:002b DS:002b ES:002b FS:0063 GS:006b
 EIP:039c3fe3 ESP:09dbeb90 EBP:09dbebb4 EFLAGS:00010206(  R- --  I   - -P- )
 EAX:217d6036 EBX:00000000 ECX:0bab2c78 EDX:09dbff8c
 ESI:0bab2c78 EDI:00000000
Stack dump:
0x09dbeb90:  217d6026 09dbebd4 09dbebb8 013a1b60
0x09dbeba0:  217d6036 07434cf0 0bab2c78 09dbec98
0x09dbebb0:  09dbec98 09dbec90 039c437a 00000000
0x09dbebc0:  0bab2cc8 00000000 0bab2cd0 00000010
0x09dbebd0:  00000002 062e5634 0681dcb4 073dbcc8
0x09dbebe0:  00000000 00000000 00000000 0bab2d80
Backtrace:
=>0 0x039c3fe3 EntryPoint+0xffffffff() in xweb (0x09dbebb4)
  1 0x039c437a EntryPoint+0xffffffff() in xweb (0x09dbec90)
  2 0x039c41b5 EntryPoint+0xffffffff() in xweb (0x09dbecf0)
  3 0x039c52e4 EntryPoint+0xffffffff() in xweb (0x09dbed28)
  4 0x02ea98fd EntryPoint+0xffffffff() in xweb (0x09dbee18)
  5 0x02ea9a2e EntryPoint+0xffffffff() in xweb (0x09dbee54)
  6 0x02ea9521 EntryPoint+0xffffffff() in xweb (0x09dbf0a4)
  7 0x01a54362 EntryPoint+0xffffffff() in xweb (0x09dbf0cc)
  8 0x01a5429b EntryPoint+0xffffffff() in xweb (0x09dbf0dc)
  9 0x01a54918 EntryPoint+0xffffffff() in xweb (0x09dbf32c)
  10 0x01b20e50 EntryPoint+0xffffffff() in xweb (0x09dbf374)
  11 0x01929d22 EntryPoint+0xffffffff() in xweb (0x09dbf3a4)
  12 0x01928380 EntryPoint+0xffffffff() in xweb (0x09dbf3c4)
  13 0x01927d64 EntryPoint+0xffffffff() in xweb (0x09dbf480)
  14 0x01927aab EntryPoint+0xffffffff() in xweb (0x09dbf494)
  15 0x018eb56e EntryPoint+0xffffffff() in xweb (0x09dbf4ac)
  16 0x01908402 EntryPoint+0xffffffff() in xweb (0x09dbf504)
  17 0x018f1294 EntryPoint+0xffffffff() in xweb (0x09dbf554)
  18 0x018f0ec9 EntryPoint+0xffffffff() in xweb (0x09dbf5a4)
  19 0x018f0e01 EntryPoint+0xffffffff() in xweb (0x09dbf7f8)
  20 0x02b05332 EntryPoint+0xffffffff() in xweb (0x09dbf948)
  21 0x02b04bab EntryPoint+0xffffffff() in xweb (0x09dbfa78)
  22 0x02b046b1 EntryPoint+0xffffffff() in xweb (0x09dbfc54)
  23 0x02b040ca EntryPoint+0xffffffff() in xweb (0x09dbfc98)
  24 0x00eb52cc EntryPoint+0xffffffff() in xweb (0x09dbfca4)
  25 0x02bbca17 EntryPoint+0xffffffff() in xweb (0x09dbfd10)
  26 0x036f7a26 EntryPoint+0xffffffff() in xweb (0x09dbfd94)
  27 0x036f7764 EntryPoint+0xffffffff() in xweb (0x09dbfdfc)
  28 0x02bf279f EntryPoint+0xffffffff() in xweb (0x09dbfe3c)
  29 0x02bf2051 EntryPoint+0xffffffff() in xweb (0x09dbfe5c)
  30 0x036f8296 EntryPoint+0xffffffff() in xweb (0x09dbfe8c)
  31 0x02baab6c EntryPoint+0xffffffff() in xweb (0x09dbfedc)
  32 0x0365ec86 EntryPoint+0xffffffff() in xweb (0x09dbff0c)
  33 0x02bf7195 EntryPoint+0xffffffff() in xweb (0x09dbff30)
  34 0x7b62d990 EntryPoint+0xffffffff() in kernel32 (0x09dbff48)
  35 0x7bc567d7 EntryPoint+0xffffffff() in ntdll (0x09dbff5c)
  36 0x7bc56a30 EntryPoint+0xffffffff() in ntdll (0x09dbffec)
0x039c3fe3 EntryPoint+0xffffffff in xweb: movl	0x8(%edi),%eax
Modules:
Module	Address			Debug info	Name (82 modules)
PE	  400000-  522000	Deferred        wechatbrowser
PE	  530000-  696000	Deferred        winmm
PE	  e20000- 7b5a000	Export          xweb
PE	 7b60000- 7b84000	Deferred        userenv
PE	 7b90000- 800d000	Deferred        comctl32
PE	 8010000- 80e1000	Deferred        xweb_elf
PE	 80f0000- 8306000	Deferred        comdlg32
PE	 8310000- 8576000	Deferred        d3d11
PE	 8580000- 8809000	Deferred        urlmon
PE	 8a70000- 8a90000	Deferred        powrprof
PE	 8a90000- 8c19000	Deferred        wechatbrowserwin
PE	 b000000- b00d000	Deferred        api-ms-win-appmodel-runtime-l1-1-1
PE	 b010000- b089000	Deferred        mmdevapi
PE	 bc80000- be51000	Deferred        mf
PE	10000000-10057000	Deferred        xweb_bridge
PE	61740000-61831000	Deferred        advapi32
PE	61940000-61b33000	Deferred        wininet
PE	61f40000-61f5a000	Deferred        uiautomationcore
PE	62b80000-62b8d000	Deferred        api-ms-win-core-localization-l1-2-1
PE	62ec0000-62edb000	Deferred        ncrypt
PE	62fc0000-631d3000	Deferred        rpcrt4
PE	63480000-6349b000	Deferred        version
PE	637c0000-63897000	Deferred        oleacc
PE	638c0000-638fc000	Deferred        credui
PE	63bc0000-63c04000	Deferred        shcore
PE	64a40000-64b29000	Deferred        shlwapi
PE	64e00000-64e1d000	Deferred        esent
PE	64ec0000-652b7000	Deferred        oleaut32
PE	65580000-655a5000	Deferred        wtsapi32
PE	66240000-66288000	Deferred        bcrypt
PE	66540000-66555000	Deferred        atlthunk
PE	666c0000-666e8000	Deferred        hid
PE	66740000-6676d000	Deferred        rtworkq
PE	67800000-6780c000	Deferred        api-ms-win-core-string-l1-1-0
PE	67c80000-67ddb000	Deferred        d3d9
PE	68080000-680c3000	Deferred        jsproxy
PE	68240000-68399000	Deferred        mfplat
PE	68700000-68788000	Deferred        uxtheme
PE	69600000-6970a000	Deferred        winhttp
PE	69940000-699a6000	Deferred        propsys
PE	6a040000-6a0a2000	Deferred        msacm32
PE	6a280000-6a4ca000	Deferred        msvcrt
PE	6aa40000-6aa4d000	Deferred        usp10
PE	6ac80000-6ac8c000	Deferred        api-ms-win-core-fibers-l1-1-1
PE	6ae00000-6ae85000	Deferred        mfreadwrite
PE	6b500000-6b50c000	Deferred        api-ms-win-core-localization-obsolete-l1-2-0
PE	6b9c0000-6b9d8000	Deferred        dhcpcsvc
PE	6bc00000-6bc98000	Deferred        sechost
PE	6bcc0000-6be60000	Deferred        setupapi
PE	6c740000-6c8b1000	Deferred        cryptui
PE	6c9c0000-6cf5c000	Deferred        gdi32
PE	6de80000-6de8d000	Deferred        api-ms-win-core-synch-l1-2-0
PE	6e8c0000-6eb78000	Deferred        crypt32
PE	6ec40000-6ec5a000	Deferred        dwmapi
PE	6ed00000-6f389000	Deferred        user32
PE	6f4c0000-6f560000	Deferred        wintrust
PE	6f900000-6f9f3000	Deferred        msctf
PE	6fa80000-6fc92000	Deferred        dbghelp
PE	6fe40000-6fed8000	Deferred        rsaenh
PE	6ff80000-6ff8c000	Deferred        api-ms-win-core-datetime-l1-1-1
PE	70940000-70994000	Deferred        mpr
PE	70b40000-70df8000	Deferred        ucrtbase
PE	71200000-71251000	Deferred        imm32
PE	712c0000-71313000	Deferred        dxva2
PE	774e0000-7761d000	Deferred        ole32
PE	7a840000-7a844000	Deferred        opengl32
PE	7b000000-7b347000	Deferred        kernelbase
PE	7b600000-7b929000	Dwarf           kernel32
PE	7bc00000-7bea8000	Dwarf           ntdll
PE	7bf90000-7bf93000	Deferred        winealsa
PE	7d420000-7d423000	Deferred        kerberos
PE	7d8d0000-7d8d4000	Deferred        winex11
PE	7d970000-7d97b000	Deferred        winspool
PE	7d9c0000-7d9c3000	Deferred        dwrite
PE	7da90000-7da94000	Deferred        dnsapi
PE	7dac0000-7dac3000	Deferred        netapi32
PE	7daf0000-7daf3000	Deferred        secur32
PE	7db70000-7db74000	Deferred        wined3d
PE	7dcf0000-7dcf4000	Deferred        dxgi
PE	7dd30000-7dd34000	Deferred        iphlpapi
PE	7dd60000-7dd66000	Deferred        ws2_32
PE	7ddc0000-7e697000	Deferred        shell32
Threads:
process  tid      prio (all id:s are in hex)
00000038 services.exe
	0000003c    0
	00000040    0
	00000070    0
	0000008c    0
	000000b0    0
0000004c explorer.exe
	00000050    0
	00000088    0
00000068 plugplay.exe
	0000006c    0
	00000074    0
	00000078    0
	0000007c    0
	0000009c    0
	00000260    0
	00000264    0
00000080 winedevice.exe
	00000084    0
	00000090    0
	00000094    0
	00000098    0
	000000a4    0
000000a8 svchost.exe
	000000ac    0
	000000b4    0
	000000b8    0
000000d4 WeChat.exe
	000000d8    0
	000000e0    0
	000000e4    0
	000000e8    0
	000000ec    0
	000000f0    0
	000000f4    0
	000000fc    0
	0000010c    0
	00000110    0
	00000130    0
	00000138    0
	0000013c    0
	00000144    0
	00000148    0
	0000014c    0
	00000150    0
	00000154    0
	00000158    0
	0000015c    0
	00000174    0
	00000178    0
	0000017c    0
	000001d8    0
	000001e0    0
	000001e4    0
	00000294    0
	00000440    0
	00000450    0
	00000454    0
	00000458    0
	0000045c    0
	00000490    0
	0000066c    0
	00000674    0
	00000680    0
	00000684    0
	00000688    0
	0000068c    0
	00000694    0
	00000698    0
	0000069c    0
	000006a4    0
	000006a8    0
	00000060    0
00000184 WeChatPlayer.exe
	00000188    0
	00000198    0
	0000019c    0
	000001a0    0
	000001a4    0
	000001a8    0
	000001ac    0
	000001b0    0
	000001b4    0
	000001b8    0
	000001bc    0
	000001c0    0
	000001c4    0
	000001c8    0
	000001cc    0
	000001d0    0
	000001d4    0
000001f0 (D) C:\users\user\Application Data\Tencent\WeChat\XPlugin\Plugins\XWeb\204\extracted\WeChatBrowser.exe
	000001f4    0
	00000208    0
	0000020c    0 <==
	00000210    0
	00000214    0
	00000218   -2
	0000021c    0
	00000220    0
	00000224    0
	00000228    0
	0000022c    0
	00000230    0
	00000234    0
	00000238    0
	0000023c    0
	00000240    0
	00000244    0
	00000248    0
	0000024c    0
	00000250    0
	00000254    0
	00000258    0
	0000025c    0
	00000268   -2
	0000026c    0
	00000270    0
	00000274   -2
	00000278    0
	0000027c   -2
	00000280    0
	00000284    1
	00000288    0
	0000028c    0
	00000290    0
	000004b0    0
	000004b4    0
	000004b8    0
	000004bc    0
	000004c8    0
	00000048    0
000004c0 WeChatBrowser.exe
	000004c4    0
	000005f0    0
	00000604    0
	00000608    0
	0000060c   -2
	00000610    0
	00000614    0
	0000061c    0
	00000620    0
	00000624    0
	00000628    0
	0000062c    0
	00000630    0
	00000634   -2
System information:
    Wine build: wine-6.0.2
    Platform: i386
    Version: Windows 7
    Host system: Linux
    Host version: 5.4.0-89-generic
[1111/211825.535:ERROR:network_change_notifier_win.cc(141)] WSALookupServiceBegin failed with: 0
ALSA lib pcm_dmix.c:1075:(snd_pcm_dmix_open) unable to open slave
ALSA lib pcm_dsnoop.c:638:(snd_pcm_dsnoop_open) unable to open slave
[1111/211826.005:ERROR:sandbox_policy_base.cc(359)] Failed to add sandbox rule. error = 2, subsystem = 0, semantics = 0, pattern = 'C:\users\user\APPL~JHT\Tencent\WeChat\log\xweb.log'
[1111/211826.008:WARNING:gpu_process_host.cc(1204)] The GPU process has crashed 1 time(s)
[1111/211826.379:ERROR:sandbox_policy_base.cc(359)] Failed to add sandbox rule. error = 2, subsystem = 0, semantics = 0, pattern = 'C:\users\user\APPL~JHT\Tencent\WeChat\log\xweb.log'
[1111/211826.380:WARNING:gpu_process_host.cc(1204)] The GPU process has crashed 2 time(s)
[1111/211826.754:ERROR:sandbox_policy_base.cc(359)] Failed to add sandbox rule. error = 2, subsystem = 0, semantics = 0, pattern = 'C:\users\user\APPL~JHT\Tencent\WeChat\log\xweb.log'
[1111/211826.754:WARNING:gpu_process_host.cc(1204)] The GPU process has crashed 3 time(s)
[1111/211827.146:ERROR:sandbox_policy_base.cc(359)] Failed to add sandbox rule. error = 2, subsystem = 0, semantics = 0, pattern = 'C:\users\user\APPL~JHT\Tencent\WeChat\log\xweb.log'
[1111/211827.146:WARNING:gpu_process_host.cc(1204)] The GPU process has crashed 4 time(s)
[1111/211827.504:ERROR:sandbox_policy_base.cc(359)] Failed to add sandbox rule. error = 2, subsystem = 0, semantics = 0, pattern = 'C:\users\user\APPL~JHT\Tencent\WeChat\log\xweb.log'
[1111/211827.504:WARNING:gpu_process_host.cc(1204)] The GPU process has crashed 5 time(s)
[1111/211827.918:ERROR:sandbox_policy_base.cc(359)] Failed to add sandbox rule. error = 2, subsystem = 0, semantics = 0, pattern = 'C:\users\user\APPL~JHT\Tencent\WeChat\log\xweb.log'
[1111/211827.918:WARNING:gpu_process_host.cc(1204)] The GPU process has crashed 6 time(s)
[1111/211827.919:ERROR:browser_gpu_channel_host_factory.cc(153)] Failed to launch GPU process.
[1111/211831.283:ERROR:platform_font_skia.cc(342)] Could not find any font: MS Shell Dlg, sans. Falling back to the default
wine: Unhandled page fault on read access to 00000008 at address 039C3FE3 (thread 0378), starting debugger...
[1111/211853.633:ERROR:network_change_notifier_win.cc(141)] WSALookupServiceBegin failed with: 0
ALSA lib pcm_dmix.c:1075:(snd_pcm_dmix_open) unable to open slave
ALSA lib pcm_dsnoop.c:638:(snd_pcm_dsnoop_open) unable to open slave
[1111/211854.112:ERROR:sandbox_policy_base.cc(359)] Failed to add sandbox rule. error = 2, subsystem = 0, semantics = 0, pattern = 'C:\users\user\APPL~JHT\Tencent\WeChat\log\xweb.log'
[1111/211854.114:WARNING:gpu_process_host.cc(1204)] The GPU process has crashed 1 time(s)
[1111/211854.547:ERROR:sandbox_policy_base.cc(359)] Failed to add sandbox rule. error = 2, subsystem = 0, semantics = 0, pattern = 'C:\users\user\APPL~JHT\Tencent\WeChat\log\xweb.log'
[1111/211854.547:WARNING:gpu_process_host.cc(1204)] The GPU process has crashed 2 time(s)
ALSA lib pcm_dmix.c:1075:(snd_pcm_dmix_open) unable to open slave
ALSA lib pcm_dsnoop.c:638:(snd_pcm_dsnoop_open) unable to open slave
[1111/211855.019:ERROR:sandbox_policy_base.cc(359)] Failed to add sandbox rule. error = 2, subsystem = 0, semantics = 0, pattern = 'C:\users\user\APPL~JHT\Tencent\WeChat\log\xweb.log'
[1111/211855.019:WARNING:gpu_process_host.cc(1204)] The GPU process has crashed 3 time(s)

DevTools listening on ws://127.0.0.1:10250/devtools/browser/cd192138-1474-4e9a-801a-9892f874b8c4
[1111/211855.563:ERROR:sandbox_policy_base.cc(359)] Failed to add sandbox rule. error = 2, subsystem = 0, semantics = 0, pattern = 'C:\users\user\APPL~JHT\Tencent\WeChat\log\xweb.log'
[1111/211855.563:WARNING:gpu_process_host.cc(1204)] The GPU process has crashed 4 time(s)
[1111/211856.024:ERROR:sandbox_policy_base.cc(359)] Failed to add sandbox rule. error = 2, subsystem = 0, semantics = 0, pattern = 'C:\users\user\APPL~JHT\Tencent\WeChat\log\xweb.log'
[1111/211856.024:WARNING:gpu_process_host.cc(1204)] The GPU process has crashed 5 time(s)
[1111/211856.483:ERROR:sandbox_policy_base.cc(359)] Failed to add sandbox rule. error = 2, subsystem = 0, semantics = 0, pattern = 'C:\users\user\APPL~JHT\Tencent\WeChat\log\xweb.log'
[1111/211856.483:WARNING:gpu_process_host.cc(1204)] The GPU process has crashed 6 time(s)
[1111/211856.484:ERROR:browser_gpu_channel_host_factory.cc(153)] Failed to launch GPU process.
use crashReporter.exe  clientVerison  devType fileName1 fileName2 ...[1111/211907.653:ERROR:platform_font_skia.cc(342)] Could not find any font: MS Shell Dlg, sans. Falling back to the default
wine: Unhandled page fault on read access to 00000008 at address 039C3FE3 (thread 0594), starting debugger...
Unhandled exception: page fault on read access to 0x00000008 in 32-bit code (0x039c3fe3).
Register dump:
 CS:0023 SS:002b DS:002b ES:002b FS:0063 GS:006b
 EIP:039c3fe3 ESP:09dbeb90 EBP:09dbebb4 EFLAGS:00010202(  R- --  I   - - - )
 EAX:39a716d3 EBX:00000000 ECX:0b9c5fd0 EDX:09dbff8c
 ESI:0b9c5fd0 EDI:00000000
Stack dump:
0x09dbeb90:  39a716c3 09dbebd4 09dbebb8 013a1b60
0x09dbeba0:  39a716d3 07434cf0 0b9c5fd0 09dbec98
0x09dbebb0:  09dbec98 09dbec90 039c437a 00000000
0x09dbebc0:  0b97f128 00000000 0b97f130 00000010
0x09dbebd0:  00000002 062e5634 0681dcb4 073dbcc8
0x09dbebe0:  00000000 00000000 00000000 0b9c60c0
Backtrace:
=>0 0x039c3fe3 EntryPoint+0xffffffff() in xweb (0x09dbebb4)
  1 0x039c437a EntryPoint+0xffffffff() in xweb (0x09dbec90)
  2 0x039c41b5 EntryPoint+0xffffffff() in xweb (0x09dbecf0)
  3 0x039c52e4 EntryPoint+0xffffffff() in xweb (0x09dbed28)
  4 0x02ea98fd EntryPoint+0xffffffff() in xweb (0x09dbee18)
  5 0x02ea9a2e EntryPoint+0xffffffff() in xweb (0x09dbee54)
  6 0x02ea9521 EntryPoint+0xffffffff() in xweb (0x09dbf0a4)
  7 0x01a54362 EntryPoint+0xffffffff() in xweb (0x09dbf0cc)
  8 0x01a5429b EntryPoint+0xffffffff() in xweb (0x09dbf0dc)
  9 0x01a54918 EntryPoint+0xffffffff() in xweb (0x09dbf32c)
  10 0x01b20e50 EntryPoint+0xffffffff() in xweb (0x09dbf374)
  11 0x01929d22 EntryPoint+0xffffffff() in xweb (0x09dbf3a4)
  12 0x01928380 EntryPoint+0xffffffff() in xweb (0x09dbf3c4)
  13 0x01927d64 EntryPoint+0xffffffff() in xweb (0x09dbf480)
  14 0x01927aab EntryPoint+0xffffffff() in xweb (0x09dbf494)
  15 0x018eb56e EntryPoint+0xffffffff() in xweb (0x09dbf4ac)
  16 0x01908402 EntryPoint+0xffffffff() in xweb (0x09dbf504)
  17 0x018f1294 EntryPoint+0xffffffff() in xweb (0x09dbf554)
  18 0x018f0ec9 EntryPoint+0xffffffff() in xweb (0x09dbf5a4)
  19 0x018f0e01 EntryPoint+0xffffffff() in xweb (0x09dbf7f8)
  20 0x02b05332 EntryPoint+0xffffffff() in xweb (0x09dbf948)
  21 0x02b04bab EntryPoint+0xffffffff() in xweb (0x09dbfa78)
  22 0x02b046b1 EntryPoint+0xffffffff() in xweb (0x09dbfc54)
  23 0x02b040ca EntryPoint+0xffffffff() in xweb (0x09dbfc98)
  24 0x00eb52cc EntryPoint+0xffffffff() in xweb (0x09dbfca4)
  25 0x02bbca17 EntryPoint+0xffffffff() in xweb (0x09dbfd10)
  26 0x036f7a26 EntryPoint+0xffffffff() in xweb (0x09dbfd94)
  27 0x036f7764 EntryPoint+0xffffffff() in xweb (0x09dbfdfc)
  28 0x02bf279f EntryPoint+0xffffffff() in xweb (0x09dbfe3c)
  29 0x02bf2051 EntryPoint+0xffffffff() in xweb (0x09dbfe5c)
  30 0x036f8296 EntryPoint+0xffffffff() in xweb (0x09dbfe8c)
  31 0x02baab6c EntryPoint+0xffffffff() in xweb (0x09dbfedc)
  32 0x0365ec86 EntryPoint+0xffffffff() in xweb (0x09dbff0c)
  33 0x02bf7195 EntryPoint+0xffffffff() in xweb (0x09dbff30)
  34 0x7b62d990 EntryPoint+0xffffffff() in kernel32 (0x09dbff48)
  35 0x7bc567d7 EntryPoint+0xffffffff() in ntdll (0x09dbff5c)
  36 0x7bc56a30 EntryPoint+0xffffffff() in ntdll (0x09dbffec)
0x039c3fe3 EntryPoint+0xffffffff in xweb: movl	0x8(%edi),%eax
Modules:
Module	Address			Debug info	Name (82 modules)
PE	  400000-  522000	Deferred        wechatbrowser
PE	  530000-  696000	Deferred        winmm
PE	  e20000- 7b5a000	Export          xweb
PE	 7b60000- 7b84000	Deferred        userenv
PE	 7b90000- 800d000	Deferred        comctl32
PE	 8010000- 80e1000	Deferred        xweb_elf
PE	 80f0000- 8306000	Deferred        comdlg32
PE	 8310000- 8576000	Deferred        d3d11
PE	 8580000- 8809000	Deferred        urlmon
PE	 8a70000- 8a90000	Deferred        powrprof
PE	 8a90000- 8c19000	Deferred        wechatbrowserwin
PE	 af00000- af79000	Deferred        mmdevapi
PE	 b4d0000- b4dd000	Deferred        api-ms-win-appmodel-runtime-l1-1-1
PE	 ba60000- bc31000	Deferred        mf
PE	10000000-10057000	Deferred        xweb_bridge
PE	61740000-61831000	Deferred        advapi32
PE	61940000-61b33000	Deferred        wininet
PE	61f40000-61f5a000	Deferred        uiautomationcore
PE	62b80000-62b8d000	Deferred        api-ms-win-core-localization-l1-2-1
PE	62ec0000-62edb000	Deferred        ncrypt
PE	62fc0000-631d3000	Deferred        rpcrt4
PE	63480000-6349b000	Deferred        version
PE	637c0000-63897000	Deferred        oleacc
PE	638c0000-638fc000	Deferred        credui
PE	63bc0000-63c04000	Deferred        shcore
PE	64a40000-64b29000	Deferred        shlwapi
PE	64e00000-64e1d000	Deferred        esent
PE	64ec0000-652b7000	Deferred        oleaut32
PE	65580000-655a5000	Deferred        wtsapi32
PE	66240000-66288000	Deferred        bcrypt
PE	66540000-66555000	Deferred        atlthunk
PE	666c0000-666e8000	Deferred        hid
PE	66740000-6676d000	Deferred        rtworkq
PE	67800000-6780c000	Deferred        api-ms-win-core-string-l1-1-0
PE	67c80000-67ddb000	Deferred        d3d9
PE	68080000-680c3000	Deferred        jsproxy
PE	68240000-68399000	Deferred        mfplat
PE	68700000-68788000	Deferred        uxtheme
PE	69600000-6970a000	Deferred        winhttp
PE	69940000-699a6000	Deferred        propsys
PE	6a040000-6a0a2000	Deferred        msacm32
PE	6a280000-6a4ca000	Deferred        msvcrt
PE	6aa40000-6aa4d000	Deferred        usp10
PE	6ac80000-6ac8c000	Deferred        api-ms-win-core-fibers-l1-1-1
PE	6ae00000-6ae85000	Deferred        mfreadwrite
PE	6b500000-6b50c000	Deferred        api-ms-win-core-localization-obsolete-l1-2-0
PE	6b9c0000-6b9d8000	Deferred        dhcpcsvc
PE	6bc00000-6bc98000	Deferred        sechost
PE	6bcc0000-6be60000	Deferred        setupapi
PE	6c740000-6c8b1000	Deferred        cryptui
PE	6c9c0000-6cf5c000	Deferred        gdi32
PE	6de80000-6de8d000	Deferred        api-ms-win-core-synch-l1-2-0
PE	6e8c0000-6eb78000	Deferred        crypt32
PE	6ec40000-6ec5a000	Deferred        dwmapi
PE	6ed00000-6f389000	Deferred        user32
PE	6f4c0000-6f560000	Deferred        wintrust
PE	6f900000-6f9f3000	Deferred        msctf
PE	6fa80000-6fc92000	Deferred        dbghelp
PE	6fe40000-6fed8000	Deferred        rsaenh
PE	6ff80000-6ff8c000	Deferred        api-ms-win-core-datetime-l1-1-1
PE	70940000-70994000	Deferred        mpr
PE	70b40000-70df8000	Deferred        ucrtbase
PE	71200000-71251000	Deferred        imm32
PE	712c0000-71313000	Deferred        dxva2
PE	774e0000-7761d000	Deferred        ole32
PE	7a840000-7a844000	Deferred        opengl32
PE	7b000000-7b347000	Deferred        kernelbase
PE	7b600000-7b929000	Dwarf           kernel32
PE	7bb80000-7bb83000	Deferred        winealsa
PE	7bc00000-7bea8000	Dwarf           ntdll
PE	7d040000-7d043000	Deferred        kerberos
PE	7d640000-7df17000	Deferred        shell32
PE	7e2c0000-7e2c4000	Deferred        winex11
PE	7e360000-7e36b000	Deferred        winspool
PE	7e3b0000-7e3b3000	Deferred        dwrite
PE	7e480000-7e484000	Deferred        dnsapi
PE	7e4a0000-7e4a3000	Deferred        netapi32
PE	7e4e0000-7e4e3000	Deferred        secur32
PE	7e560000-7e564000	Deferred        wined3d
PE	7e6e0000-7e6e4000	Deferred        dxgi
PE	7e720000-7e724000	Deferred        iphlpapi
PE	7e750000-7e756000	Deferred        ws2_32
Threads:
process  tid      prio (all id:s are in hex)
00000038 services.exe
	0000003c    0
	00000040    0
	00000070    0
	0000008c    0
	000000b0    0
0000004c explorer.exe
	00000050    0
	00000088    0
00000068 plugplay.exe
	0000006c    0
	00000074    0
	00000078    0
	0000007c    0
	0000009c    0
	00000264    0
	0000035c    0
	000006c4    0
	00000798    0
	00000108    0
00000080 winedevice.exe
	00000084    0
	00000090    0
	00000094    0
	00000098    0
	000000a4    0
000000a8 svchost.exe
	000000ac    0
	000000b4    0
	000000b8    0
000000d4 WeChat.exe
	000000d8    0
	000000e0    0
	000000e4    0
	000000e8    0
	000000ec    0
	000000f0    0
	000000f4    0
	000000fc    0
	0000010c    0
	00000110    0
	00000130    0
	00000138    0
	0000013c    0
	00000144    0
	00000148    0
	0000014c    0
	00000150    0
	00000154    0
	00000158    0
	0000015c    0
	00000174    0
	00000178    0
	0000017c    0
	000001d8    0
	000001e0    0
	000001e4    0
	0000045c    0
	00000490    0
	0000066c    0
	00000680    0
	00000684    0
	00000694    0
	0000069c    0
	00000434    0
	0000043c    0
	00000514    0
	0000065c    0
	00000668    0
	00000804    0
	0000041c    0
	000004e8    0
	00000600    0
	000004f0    0
	00000578    0
	000004a0    0
	000003d0    0
00000184 WeChatPlayer.exe
	00000188    0
	00000198    0
	0000019c    0
	000001a0    0
	000001a4    0
	000001a8    0
	000001ac    0
	000001b0    0
	000001b4    0
	000001b8    0
	000001bc    0
	000001c0    0
	000001c4    0
	000001c8    0
	000001cc    0
	000001d0    0
	000001d4    0
00000564 (D) C:\users\user\Application Data\Tencent\WeChat\XPlugin\Plugins\XWeb\204\extracted\WeChatBrowser.exe
	00000550    0
	00000574    0
	00000594    0 <==
	000006a0    0
	0000057c    0
	000006b0   -2
	00000664    0
	000006b8    0
	0000059c    0
	000005cc    0
	000005b4    0
	000006c0    0
	00000580    0
	000006c8    0
	000005d8    0
	000006d0    0
	000006e0    0
	000005e8    0
	000005c4    0
	00000648    0
	00000750    0
	000006cc    0
	000006dc   -2
	00000758    0
	00000760    0
	000006d4   -2
	00000768    0
	00000788   -2
	000007a0    0
	000007a8    0
	000007d8    0
	00000704    0
	000002d8    1
	00000548    0
	00000554    0
	00000524    0
	0000052c    0
	00000544    0
	00000520    0
0000053c WeChatBrowser.exe
	00000530    0
	00000500    0
	000004e0    0
	00000618    0
	000005e0   -2
	000005e4    0
	000005ec    0
	000005f8    0
System information:
    Wine build: wine-6.0.2
    Platform: i386
    Version: Windows 7
    Host system: Linux
    Host version: 5.4.0-89-generic
[1111/211909.549:ERROR:network_change_notifier_win.cc(141)] WSALookupServiceBegin failed with: 0
[1111/211909.939:ERROR:sandbox_policy_base.cc(359)] Failed to add sandbox rule. error = 2, subsystem = 0, semantics = 0, pattern = 'C:\users\user\APPL~JHT\Tencent\WeChat\log\xweb.log'
[1111/211909.939:WARNING:gpu_process_host.cc(1204)] The GPU process has crashed 1 time(s)
ALSA lib pcm_dmix.c:1075:(snd_pcm_dmix_open) unable to open slave
ALSA lib pcm_dsnoop.c:638:(snd_pcm_dsnoop_open) unable to open slave
[1111/211910.393:ERROR:sandbox_policy_base.cc(359)] Failed to add sandbox rule. error = 2, subsystem = 0, semantics = 0, pattern = 'C:\users\user\APPL~JHT\Tencent\WeChat\log\xweb.log'
[1111/211910.393:WARNING:gpu_process_host.cc(1204)] The GPU process has crashed 2 time(s)
[1111/211910.802:ERROR:sandbox_policy_base.cc(359)] Failed to add sandbox rule. error = 2, subsystem = 0, semantics = 0, pattern = 'C:\users\user\APPL~JHT\Tencent\WeChat\log\xweb.log'
[1111/211910.802:WARNING:gpu_process_host.cc(1204)] The GPU process has crashed 3 time(s)
[1111/211911.160:ERROR:sandbox_policy_base.cc(359)] Failed to add sandbox rule. error = 2, subsystem = 0, semantics = 0, pattern = 'C:\users\user\APPL~JHT\Tencent\WeChat\log\xweb.log'
[1111/211911.160:WARNING:gpu_process_host.cc(1204)] The GPU process has crashed 4 time(s)
[1111/211911.523:ERROR:sandbox_policy_base.cc(359)] Failed to add sandbox rule. error = 2, subsystem = 0, semantics = 0, pattern = 'C:\users\user\APPL~JHT\Tencent\WeChat\log\xweb.log'
[1111/211911.523:WARNING:gpu_process_host.cc(1204)] The GPU process has crashed 5 time(s)
[1111/211911.883:ERROR:sandbox_policy_base.cc(359)] Failed to add sandbox rule. error = 2, subsystem = 0, semantics = 0, pattern = 'C:\users\user\APPL~JHT\Tencent\WeChat\log\xweb.log'
[1111/211911.883:WARNING:gpu_process_host.cc(1204)] The GPU process has crashed 6 time(s)
[1111/211911.884:ERROR:browser_gpu_channel_host_factory.cc(153)] Failed to launch GPU process.
[I] <MMKV.cpp:156::initialize> version v1.2.7 page size:4096
[I] <MMKV.cpp:198::initializeMMKV> root dir: C:\users\user\Application Data\Tencent\WeChat\XPlugin\Info\
[DoChat] WeChat.exe exited


📦 DoChat Exited with code [0]

🐞 Bug Report: https://github.com/huan/docker-wechat/issues

